[ 2023-03-25 17:42:26,274 ] 113 werkzeug - WARNING -  * Debugger is active!
[ 2023-03-25 17:42:26,295 ] 113 werkzeug - INFO -  * Debugger PIN: 137-623-873
[ 2023-03-25 17:42:26,365 ] 113 werkzeug - INFO -  * Running on http://127.0.0.1:5001/ (Press CTRL+C to quit)
[ 2023-03-25 17:42:37,440 ] 113 werkzeug - INFO -  * Detected change in 'F:\\New folder\\anaconda\\Lib\\site-packages\\conda\\common\\__pycache__\\compat.cpython-39.pyc', reloading
[ 2023-03-25 17:42:37,466 ] 113 werkzeug - INFO -  * Detected change in 'F:\\New folder\\anaconda\\Lib\\site-packages\\conda\\__pycache__\\exceptions.cpython-39.pyc', reloading
[ 2023-03-25 17:42:37,490 ] 113 werkzeug - INFO -  * Detected change in 'F:\\New folder\\anaconda\\Lib\\__pycache__\\getpass.cpython-39.pyc', reloading
[ 2023-03-25 17:42:37,493 ] 113 werkzeug - INFO -  * Detected change in 'F:\\New folder\\anaconda\\Lib\\site-packages\\conda\\models\\__pycache__\\__init__.cpython-39.pyc', reloading
[ 2023-03-25 17:42:37,494 ] 113 werkzeug - INFO -  * Detected change in 'F:\\New folder\\anaconda\\Lib\\site-packages\\conda\\models\\__pycache__\\channel.cpython-39.pyc', reloading
[ 2023-03-25 17:42:37,498 ] 113 werkzeug - INFO -  * Detected change in 'F:\\New folder\\anaconda\\Lib\\site-packages\\conda\\_vendor\\__pycache__\\__init__.cpython-39.pyc', reloading
[ 2023-03-25 17:42:37,500 ] 113 werkzeug - INFO -  * Detected change in 'F:\\New folder\\anaconda\\Lib\\site-packages\\conda\\_vendor\\boltons\\__pycache__\\__init__.cpython-39.pyc', reloading
[ 2023-03-25 17:42:37,501 ] 113 werkzeug - INFO -  * Detected change in 'F:\\New folder\\anaconda\\Lib\\site-packages\\conda\\_vendor\\boltons\\__pycache__\\setutils.cpython-39.pyc', reloading
[ 2023-03-25 17:42:37,504 ] 113 werkzeug - INFO -  * Detected change in 'F:\\New folder\\anaconda\\Lib\\site-packages\\conda\\_vendor\\toolz\\__pycache__\\__init__.cpython-39.pyc', reloading
[ 2023-03-25 17:42:37,506 ] 113 werkzeug - INFO -  * Detected change in 'F:\\New folder\\anaconda\\Lib\\site-packages\\cytoolz\\__pycache__\\__init__.cpython-39.pyc', reloading
[ 2023-03-25 17:42:37,514 ] 113 werkzeug - INFO -  * Detected change in 'F:\\New folder\\anaconda\\Lib\\site-packages\\toolz\\__pycache__\\__init__.cpython-39.pyc', reloading
[ 2023-03-25 17:42:37,515 ] 113 werkzeug - INFO -  * Detected change in 'F:\\New folder\\anaconda\\Lib\\site-packages\\toolz\\__pycache__\\itertoolz.cpython-39.pyc', reloading
[ 2023-03-25 17:42:37,516 ] 113 werkzeug - INFO -  * Detected change in 'F:\\New folder\\anaconda\\Lib\\site-packages\\toolz\\__pycache__\\utils.cpython-39.pyc', reloading
[ 2023-03-25 17:42:37,517 ] 113 werkzeug - INFO -  * Detected change in 'F:\\New folder\\anaconda\\Lib\\site-packages\\toolz\\__pycache__\\functoolz.cpython-39.pyc', reloading
[ 2023-03-25 17:42:37,531 ] 113 werkzeug - INFO -  * Detected change in 'F:\\New folder\\anaconda\\Lib\\site-packages\\toolz\\__pycache__\\_signatures.cpython-39.pyc', reloading
[ 2023-03-25 17:42:37,532 ] 113 werkzeug - INFO -  * Detected change in 'F:\\New folder\\anaconda\\Lib\\site-packages\\toolz\\__pycache__\\dicttoolz.cpython-39.pyc', reloading
[ 2023-03-25 17:42:37,533 ] 113 werkzeug - INFO -  * Detected change in 'F:\\New folder\\anaconda\\Lib\\site-packages\\toolz\\__pycache__\\recipes.cpython-39.pyc', reloading
[ 2023-03-25 17:42:37,534 ] 113 werkzeug - INFO -  * Detected change in 'F:\\New folder\\anaconda\\Lib\\site-packages\\toolz\\curried\\__pycache__\\__init__.cpython-39.pyc', reloading
[ 2023-03-25 17:42:37,536 ] 113 werkzeug - INFO -  * Detected change in 'F:\\New folder\\anaconda\\Lib\\site-packages\\toolz\\curried\\__pycache__\\operator.cpython-39.pyc', reloading
[ 2023-03-25 17:42:37,581 ] 113 werkzeug - INFO -  * Detected change in 'F:\\New folder\\anaconda\\Lib\\site-packages\\toolz\\curried\\__pycache__\\exceptions.cpython-39.pyc', reloading
[ 2023-03-25 17:42:37,582 ] 113 werkzeug - INFO -  * Detected change in 'F:\\New folder\\anaconda\\Lib\\site-packages\\toolz\\sandbox\\__pycache__\\__init__.cpython-39.pyc', reloading
[ 2023-03-25 17:42:37,583 ] 113 werkzeug - INFO -  * Detected change in 'F:\\New folder\\anaconda\\Lib\\site-packages\\toolz\\sandbox\\__pycache__\\core.cpython-39.pyc', reloading
[ 2023-03-25 17:42:37,584 ] 113 werkzeug - INFO -  * Detected change in 'F:\\New folder\\anaconda\\Lib\\site-packages\\toolz\\sandbox\\__pycache__\\parallel.cpython-39.pyc', reloading
[ 2023-03-25 17:42:37,595 ] 113 werkzeug - INFO -  * Detected change in 'F:\\New folder\\anaconda\\Lib\\site-packages\\toolz\\__pycache__\\_version.cpython-39.pyc', reloading
[ 2023-03-25 17:42:37,602 ] 113 werkzeug - INFO -  * Detected change in 'F:\\New folder\\anaconda\\Lib\\site-packages\\cytoolz\\__pycache__\\_signatures.cpython-39.pyc', reloading
[ 2023-03-25 17:42:37,607 ] 113 werkzeug - INFO -  * Detected change in 'F:\\New folder\\anaconda\\Lib\\site-packages\\cytoolz\\curried\\__pycache__\\__init__.cpython-39.pyc', reloading
[ 2023-03-25 17:42:37,609 ] 113 werkzeug - INFO -  * Detected change in 'F:\\New folder\\anaconda\\Lib\\site-packages\\cytoolz\\curried\\__pycache__\\operator.cpython-39.pyc', reloading
[ 2023-03-25 17:42:37,646 ] 113 werkzeug - INFO -  * Detected change in 'F:\\New folder\\anaconda\\Lib\\site-packages\\cytoolz\\curried\\__pycache__\\exceptions.cpython-39.pyc', reloading
[ 2023-03-25 17:42:37,651 ] 113 werkzeug - INFO -  * Detected change in 'F:\\New folder\\anaconda\\Lib\\site-packages\\cytoolz\\__pycache__\\_version.cpython-39.pyc', reloading
[ 2023-03-25 17:42:37,652 ] 113 werkzeug - INFO -  * Detected change in 'F:\\New folder\\anaconda\\Lib\\site-packages\\conda\\base\\__pycache__\\__init__.cpython-39.pyc', reloading
[ 2023-03-25 17:42:37,653 ] 113 werkzeug - INFO -  * Detected change in 'F:\\New folder\\anaconda\\Lib\\site-packages\\conda\\base\\__pycache__\\constants.cpython-39.pyc', reloading
[ 2023-03-25 17:42:37,657 ] 113 werkzeug - INFO -  * Detected change in 'F:\\New folder\\anaconda\\Lib\\site-packages\\conda\\base\\__pycache__\\context.cpython-39.pyc', reloading
[ 2023-03-25 17:42:37,671 ] 113 werkzeug - INFO -  * Detected change in 'F:\\New folder\\anaconda\\Lib\\site-packages\\conda\\_vendor\\__pycache__\\appdirs.cpython-39.pyc', reloading
[ 2023-03-25 17:42:37,707 ] 113 werkzeug - INFO -  * Detected change in 'F:\\New folder\\anaconda\\Lib\\site-packages\\conda\\auxlib\\__pycache__\\__init__.cpython-39.pyc', reloading
[ 2023-03-25 17:42:37,708 ] 113 werkzeug - INFO -  * Detected change in 'F:\\New folder\\anaconda\\Lib\\site-packages\\conda\\auxlib\\__pycache__\\decorators.cpython-39.pyc', reloading
[ 2023-03-25 17:42:37,709 ] 113 werkzeug - INFO -  * Detected change in 'F:\\New folder\\anaconda\\Lib\\site-packages\\conda\\_vendor\\__pycache__\\six.cpython-39.pyc', reloading
[ 2023-03-25 17:42:37,712 ] 113 werkzeug - INFO -  * Detected change in 'F:\\New folder\\anaconda\\Lib\\site-packages\\conda\\auxlib\\__pycache__\\ish.cpython-39.pyc', reloading
[ 2023-03-25 17:42:37,713 ] 113 werkzeug - INFO -  * Detected change in 'F:\\New folder\\anaconda\\Lib\\site-packages\\conda\\_vendor\\frozendict\\__pycache__\\__init__.cpython-39.pyc', reloading
[ 2023-03-25 17:42:37,714 ] 113 werkzeug - INFO -  * Detected change in 'F:\\New folder\\anaconda\\Lib\\site-packages\\conda\\common\\__pycache__\\configuration.cpython-39.pyc', reloading
[ 2023-03-25 17:42:37,716 ] 113 werkzeug - INFO -  * Detected change in 'F:\\New folder\\anaconda\\Lib\\site-packages\\conda\\common\\__pycache__\\constants.cpython-39.pyc', reloading
[ 2023-03-25 17:42:37,716 ] 113 werkzeug - INFO -  * Detected change in 'F:\\New folder\\anaconda\\Lib\\site-packages\\conda\\common\\__pycache__\\path.cpython-39.pyc', reloading
[ 2023-03-25 17:42:37,725 ] 113 werkzeug - INFO -  * Detected change in 'F:\\New folder\\anaconda\\Lib\\distutils\\__pycache__\\spawn.cpython-39.pyc', reloading
[ 2023-03-25 17:42:37,725 ] 113 werkzeug - INFO -  * Detected change in 'F:\\New folder\\anaconda\\Lib\\distutils\\__pycache__\\errors.cpython-39.pyc', reloading
[ 2023-03-25 17:42:37,727 ] 113 werkzeug - INFO -  * Detected change in 'F:\\New folder\\anaconda\\Lib\\distutils\\__pycache__\\debug.cpython-39.pyc', reloading
[ 2023-03-25 17:42:37,746 ] 113 werkzeug - INFO -  * Detected change in 'F:\\New folder\\anaconda\\Lib\\distutils\\__pycache__\\log.cpython-39.pyc', reloading
[ 2023-03-25 17:42:37,746 ] 113 werkzeug - INFO -  * Detected change in 'F:\\New folder\\anaconda\\Lib\\site-packages\\conda\\common\\__pycache__\\serialize.cpython-39.pyc', reloading
[ 2023-03-25 17:42:37,746 ] 113 werkzeug - INFO -  * Detected change in 'F:\\New folder\\anaconda\\Lib\\site-packages\\conda\\auxlib\\__pycache__\\entity.cpython-39.pyc', reloading
[ 2023-03-25 17:42:37,746 ] 113 werkzeug - INFO -  * Detected change in 'F:\\New folder\\anaconda\\Lib\\site-packages\\conda\\_vendor\\boltons\\__pycache__\\timeutils.cpython-39.pyc', reloading
[ 2023-03-25 17:42:37,747 ] 113 werkzeug - INFO -  * Detected change in 'F:\\New folder\\anaconda\\Lib\\site-packages\\conda\\auxlib\\__pycache__\\collection.cpython-39.pyc', reloading
[ 2023-03-25 17:42:37,748 ] 113 werkzeug - INFO -  * Detected change in 'F:\\New folder\\anaconda\\Lib\\site-packages\\conda\\auxlib\\__pycache__\\compat.cpython-39.pyc', reloading
[ 2023-03-25 17:42:37,748 ] 113 werkzeug - INFO -  * Detected change in 'F:\\New folder\\anaconda\\Lib\\site-packages\\conda\\auxlib\\__pycache__\\exceptions.cpython-39.pyc', reloading
[ 2023-03-25 17:42:37,748 ] 113 werkzeug - INFO -  * Detected change in 'F:\\New folder\\anaconda\\Lib\\site-packages\\conda\\auxlib\\__pycache__\\logz.cpython-39.pyc', reloading
[ 2023-03-25 17:42:37,749 ] 113 werkzeug - INFO -  * Detected change in 'F:\\New folder\\anaconda\\Lib\\site-packages\\conda\\auxlib\\__pycache__\\type_coercion.cpython-39.pyc', reloading
[ 2023-03-25 17:42:37,749 ] 113 werkzeug - INFO -  * Detected change in 'F:\\New folder\\anaconda\\Lib\\site-packages\\ruamel_yaml\\__pycache__\\__init__.cpython-39.pyc', reloading
[ 2023-03-25 17:42:37,749 ] 113 werkzeug - INFO -  * Detected change in 'F:\\New folder\\anaconda\\Lib\\site-packages\\ruamel_yaml\\__pycache__\\cyaml.cpython-39.pyc', reloading
[ 2023-03-25 17:42:37,749 ] 113 werkzeug - INFO -  * Detected change in 'F:\\New folder\\anaconda\\Lib\\site-packages\\ruamel_yaml\\ext\\__pycache__\\__init__.cpython-39.pyc', reloading
[ 2023-03-25 17:42:37,750 ] 113 werkzeug - INFO -  * Detected change in 'F:\\New folder\\anaconda\\Lib\\site-packages\\ruamel_yaml\\__pycache__\\error.cpython-39.pyc', reloading
[ 2023-03-25 17:42:37,751 ] 113 werkzeug - INFO -  * Detected change in 'F:\\New folder\\anaconda\\Lib\\site-packages\\ruamel_yaml\\__pycache__\\compat.cpython-39.pyc', reloading
[ 2023-03-25 17:42:37,754 ] 113 werkzeug - INFO -  * Detected change in 'F:\\New folder\\anaconda\\Lib\\site-packages\\ruamel_yaml\\__pycache__\\reader.cpython-39.pyc', reloading
[ 2023-03-25 17:42:37,755 ] 113 werkzeug - INFO -  * Detected change in 'F:\\New folder\\anaconda\\Lib\\site-packages\\ruamel_yaml\\__pycache__\\util.cpython-39.pyc', reloading
[ 2023-03-25 17:42:37,757 ] 113 werkzeug - INFO -  * Detected change in 'F:\\New folder\\anaconda\\Lib\\site-packages\\ruamel_yaml\\__pycache__\\scanner.cpython-39.pyc', reloading
[ 2023-03-25 17:42:37,758 ] 113 werkzeug - INFO -  * Detected change in 'F:\\New folder\\anaconda\\Lib\\site-packages\\ruamel_yaml\\__pycache__\\tokens.cpython-39.pyc', reloading
[ 2023-03-25 17:42:37,761 ] 113 werkzeug - INFO -  * Detected change in 'F:\\New folder\\anaconda\\Lib\\site-packages\\ruamel_yaml\\__pycache__\\parser.cpython-39.pyc', reloading
[ 2023-03-25 17:42:37,762 ] 113 werkzeug - INFO -  * Detected change in 'F:\\New folder\\anaconda\\Lib\\site-packages\\ruamel_yaml\\__pycache__\\events.cpython-39.pyc', reloading
[ 2023-03-25 17:42:37,764 ] 113 werkzeug - INFO -  * Detected change in 'F:\\New folder\\anaconda\\Lib\\site-packages\\ruamel_yaml\\__pycache__\\composer.cpython-39.pyc', reloading
[ 2023-03-25 17:42:37,764 ] 113 werkzeug - INFO -  * Detected change in 'F:\\New folder\\anaconda\\Lib\\site-packages\\ruamel_yaml\\__pycache__\\nodes.cpython-39.pyc', reloading
[ 2023-03-25 17:42:37,766 ] 113 werkzeug - INFO -  * Detected change in 'F:\\New folder\\anaconda\\Lib\\site-packages\\ruamel_yaml\\__pycache__\\constructor.cpython-39.pyc', reloading
[ 2023-03-25 17:42:37,769 ] 113 werkzeug - INFO -  * Detected change in 'F:\\New folder\\anaconda\\Lib\\site-packages\\ruamel_yaml\\__pycache__\\comments.cpython-39.pyc', reloading
[ 2023-03-25 17:42:37,771 ] 113 werkzeug - INFO -  * Detected change in 'F:\\New folder\\anaconda\\Lib\\site-packages\\ruamel_yaml\\__pycache__\\scalarstring.cpython-39.pyc', reloading
[ 2023-03-25 17:42:37,772 ] 113 werkzeug - INFO -  * Detected change in 'F:\\New folder\\anaconda\\Lib\\site-packages\\ruamel_yaml\\__pycache__\\anchor.cpython-39.pyc', reloading
[ 2023-03-25 17:42:37,774 ] 113 werkzeug - INFO -  * Detected change in 'F:\\New folder\\anaconda\\Lib\\site-packages\\ruamel_yaml\\__pycache__\\scalarint.cpython-39.pyc', reloading
[ 2023-03-25 17:42:37,775 ] 113 werkzeug - INFO -  * Detected change in 'F:\\New folder\\anaconda\\Lib\\site-packages\\ruamel_yaml\\__pycache__\\scalarfloat.cpython-39.pyc', reloading
[ 2023-03-25 17:42:37,776 ] 113 werkzeug - INFO -  * Detected change in 'F:\\New folder\\anaconda\\Lib\\site-packages\\ruamel_yaml\\__pycache__\\scalarbool.cpython-39.pyc', reloading
[ 2023-03-25 17:42:37,777 ] 113 werkzeug - INFO -  * Detected change in 'F:\\New folder\\anaconda\\Lib\\site-packages\\ruamel_yaml\\__pycache__\\timestamp.cpython-39.pyc', reloading
[ 2023-03-25 17:42:37,779 ] 113 werkzeug - INFO -  * Detected change in 'F:\\New folder\\anaconda\\Lib\\site-packages\\ruamel_yaml\\__pycache__\\emitter.cpython-39.pyc', reloading
[ 2023-03-25 17:42:37,780 ] 113 werkzeug - INFO -  * Detected change in 'F:\\New folder\\anaconda\\Lib\\site-packages\\ruamel_yaml\\__pycache__\\serializer.cpython-39.pyc', reloading
[ 2023-03-25 17:42:37,782 ] 113 werkzeug - INFO -  * Detected change in 'F:\\New folder\\anaconda\\Lib\\site-packages\\ruamel_yaml\\__pycache__\\representer.cpython-39.pyc', reloading
[ 2023-03-25 17:42:37,792 ] 113 werkzeug - INFO -  * Detected change in 'F:\\New folder\\anaconda\\Lib\\site-packages\\ruamel_yaml\\__pycache__\\resolver.cpython-39.pyc', reloading
[ 2023-03-25 17:42:37,794 ] 113 werkzeug - INFO -  * Detected change in 'F:\\New folder\\anaconda\\Lib\\site-packages\\ruamel_yaml\\__pycache__\\main.cpython-39.pyc', reloading
[ 2023-03-25 17:42:37,797 ] 113 werkzeug - INFO -  * Detected change in 'F:\\New folder\\anaconda\\Lib\\site-packages\\ruamel_yaml\\__pycache__\\loader.cpython-39.pyc', reloading
[ 2023-03-25 17:42:37,798 ] 113 werkzeug - INFO -  * Detected change in 'F:\\New folder\\anaconda\\Lib\\site-packages\\ruamel_yaml\\__pycache__\\dumper.cpython-39.pyc', reloading
[ 2023-03-25 17:42:37,802 ] 113 werkzeug - INFO -  * Detected change in 'F:\\New folder\\anaconda\\Lib\\site-packages\\conda\\common\\_os\\__pycache__\\__init__.cpython-39.pyc', reloading
[ 2023-03-25 17:42:37,803 ] 113 werkzeug - INFO -  * Detected change in 'F:\\New folder\\anaconda\\Lib\\site-packages\\conda\\common\\_os\\__pycache__\\windows.cpython-39.pyc', reloading
[ 2023-03-25 17:42:37,814 ] 113 werkzeug - INFO -  * Detected change in 'F:\\New folder\\anaconda\\Lib\\site-packages\\conda\\common\\_os\\__pycache__\\linux.cpython-39.pyc', reloading
[ 2023-03-25 17:42:37,815 ] 113 werkzeug - INFO -  * Detected change in 'F:\\New folder\\anaconda\\Lib\\site-packages\\conda\\common\\__pycache__\\url.cpython-39.pyc', reloading
[ 2023-03-25 17:42:37,829 ] 113 werkzeug - INFO -  * Detected change in 'F:\\New folder\\anaconda\\Lib\\site-packages\\conda\\common\\__pycache__\\decorators.cpython-39.pyc', reloading
[ 2023-03-25 17:42:37,833 ] 113 werkzeug - INFO -  * Detected change in 'F:\\New folder\\anaconda\\Lib\\site-packages\\conda\\common\\__pycache__\\io.cpython-39.pyc', reloading
[ 2023-03-25 17:42:37,835 ] 113 werkzeug - INFO -  * Detected change in 'F:\\New folder\\anaconda\\Lib\\concurrent\\__pycache__\\__init__.cpython-39.pyc', reloading
[ 2023-03-25 17:42:37,836 ] 113 werkzeug - INFO -  * Detected change in 'F:\\New folder\\anaconda\\Lib\\concurrent\\futures\\__pycache__\\__init__.cpython-39.pyc', reloading
[ 2023-03-25 17:42:37,837 ] 113 werkzeug - INFO -  * Detected change in 'F:\\New folder\\anaconda\\Lib\\concurrent\\futures\\__pycache__\\_base.cpython-39.pyc', reloading
[ 2023-03-25 17:42:37,839 ] 113 werkzeug - INFO -  * Detected change in 'F:\\New folder\\anaconda\\Lib\\concurrent\\futures\\__pycache__\\process.cpython-39.pyc', reloading
[ 2023-03-25 17:42:37,844 ] 113 werkzeug - INFO -  * Detected change in 'F:\\New folder\\anaconda\\Lib\\multiprocessing\\__pycache__\\__init__.cpython-39.pyc', reloading
[ 2023-03-25 17:42:37,845 ] 113 werkzeug - INFO -  * Detected change in 'F:\\New folder\\anaconda\\Lib\\multiprocessing\\__pycache__\\context.cpython-39.pyc', reloading
[ 2023-03-25 17:42:37,846 ] 113 werkzeug - INFO -  * Detected change in 'F:\\New folder\\anaconda\\Lib\\multiprocessing\\__pycache__\\process.cpython-39.pyc', reloading
[ 2023-03-25 17:42:37,848 ] 113 werkzeug - INFO -  * Detected change in 'F:\\New folder\\anaconda\\Lib\\multiprocessing\\__pycache__\\reduction.cpython-39.pyc', reloading
[ 2023-03-25 17:42:37,855 ] 113 werkzeug - INFO -  * Detected change in 'F:\\New folder\\anaconda\\Lib\\multiprocessing\\__pycache__\\connection.cpython-39.pyc', reloading
[ 2023-03-25 17:42:37,858 ] 113 werkzeug - INFO -  * Detected change in 'F:\\New folder\\anaconda\\Lib\\multiprocessing\\__pycache__\\util.cpython-39.pyc', reloading
[ 2023-03-25 17:42:37,860 ] 113 werkzeug - INFO -  * Detected change in 'F:\\New folder\\anaconda\\Lib\\multiprocessing\\__pycache__\\queues.cpython-39.pyc', reloading
[ 2023-03-25 17:42:37,861 ] 113 werkzeug - INFO -  * Detected change in 'F:\\New folder\\anaconda\\Lib\\concurrent\\futures\\__pycache__\\thread.cpython-39.pyc', reloading
[ 2023-03-25 17:42:37,863 ] 113 werkzeug - INFO -  * Detected change in 'F:\\New folder\\anaconda\\Lib\\site-packages\\conda\\_vendor\\tqdm\\__pycache__\\__init__.cpython-39.pyc', reloading
[ 2023-03-25 17:42:37,864 ] 113 werkzeug - INFO -  * Detected change in 'F:\\New folder\\anaconda\\Lib\\site-packages\\conda\\_vendor\\tqdm\\__pycache__\\_monitor.cpython-39.pyc', reloading
[ 2023-03-25 17:42:37,865 ] 113 werkzeug - INFO -  * Detected change in 'F:\\New folder\\anaconda\\Lib\\site-packages\\conda\\_vendor\\tqdm\\__pycache__\\cli.cpython-39.pyc', reloading
[ 2023-03-25 17:42:37,866 ] 113 werkzeug - INFO -  * Detected change in 'F:\\New folder\\anaconda\\Lib\\site-packages\\conda\\_vendor\\tqdm\\__pycache__\\std.cpython-39.pyc', reloading
[ 2023-03-25 17:42:37,869 ] 113 werkzeug - INFO -  * Detected change in 'F:\\New folder\\anaconda\\Lib\\site-packages\\conda\\_vendor\\tqdm\\__pycache__\\utils.cpython-39.pyc', reloading
[ 2023-03-25 17:42:37,871 ] 113 werkzeug - INFO -  * Detected change in 'F:\\New folder\\anaconda\\Lib\\site-packages\\colorama\\__pycache__\\__init__.cpython-39.pyc', reloading
[ 2023-03-25 17:42:37,873 ] 113 werkzeug - INFO -  * Detected change in 'F:\\New folder\\anaconda\\Lib\\site-packages\\colorama\\__pycache__\\initialise.cpython-39.pyc', reloading
[ 2023-03-25 17:42:37,874 ] 113 werkzeug - INFO -  * Detected change in 'F:\\New folder\\anaconda\\Lib\\site-packages\\colorama\\__pycache__\\ansitowin32.cpython-39.pyc', reloading
[ 2023-03-25 17:42:37,875 ] 113 werkzeug - INFO -  * Detected change in 'F:\\New folder\\anaconda\\Lib\\site-packages\\colorama\\__pycache__\\ansi.cpython-39.pyc', reloading
[ 2023-03-25 17:42:37,876 ] 113 werkzeug - INFO -  * Detected change in 'F:\\New folder\\anaconda\\Lib\\site-packages\\colorama\\__pycache__\\winterm.cpython-39.pyc', reloading
[ 2023-03-25 17:42:37,877 ] 113 werkzeug - INFO -  * Detected change in 'F:\\New folder\\anaconda\\Lib\\site-packages\\colorama\\__pycache__\\win32.cpython-39.pyc', reloading
[ 2023-03-25 17:42:37,881 ] 113 werkzeug - INFO -  * Detected change in 'F:\\New folder\\anaconda\\Lib\\site-packages\\conda\\_vendor\\tqdm\\__pycache__\\version.cpython-39.pyc', reloading
[ 2023-03-25 17:42:37,884 ] 113 werkzeug - INFO -  * Detected change in 'F:\\New folder\\anaconda\\Lib\\site-packages\\conda\\common\\__pycache__\\signals.cpython-39.pyc', reloading
[ 2023-03-25 17:42:37,887 ] 113 werkzeug - INFO -  * Detected change in 'F:\\New folder\\anaconda\\Lib\\site-packages\\conda\\cli\\__pycache__\\conda_argparse.cpython-39.pyc', reloading
[ 2023-03-25 17:42:37,925 ] 113 werkzeug - INFO -  * Detected change in 'F:\\New folder\\anaconda\\Lib\\site-packages\\conda\\gateways\\__pycache__\\__init__.cpython-39.pyc', reloading
[ 2023-03-25 17:42:37,926 ] 113 werkzeug - INFO -  * Detected change in 'F:\\New folder\\anaconda\\Lib\\site-packages\\conda\\gateways\\__pycache__\\logging.cpython-39.pyc', reloading
[ 2023-03-25 17:42:37,930 ] 113 werkzeug - INFO -  * Detected change in 'F:\\New folder\\anaconda\\Lib\\site-packages\\conda\\cli\\__pycache__\\main_info.cpython-39.pyc', reloading
[ 2023-03-25 17:42:37,931 ] 113 werkzeug - INFO -  * Detected change in 'F:\\New folder\\anaconda\\Lib\\site-packages\\conda\\cli\\__pycache__\\common.cpython-39.pyc', reloading
[ 2023-03-25 17:42:37,932 ] 113 werkzeug - INFO -  * Detected change in 'F:\\New folder\\anaconda\\Lib\\site-packages\\conda\\models\\__pycache__\\match_spec.cpython-39.pyc', reloading
[ 2023-03-25 17:42:37,933 ] 113 werkzeug - INFO -  * Detected change in 'F:\\New folder\\anaconda\\Lib\\site-packages\\conda\\models\\__pycache__\\version.cpython-39.pyc', reloading
[ 2023-03-25 17:42:37,937 ] 113 werkzeug - INFO -  * Detected change in 'F:\\New folder\\anaconda\\Lib\\site-packages\\conda\\core\\__pycache__\\__init__.cpython-39.pyc', reloading
[ 2023-03-25 17:42:37,939 ] 113 werkzeug - INFO -  * Detected change in 'F:\\New folder\\anaconda\\Lib\\site-packages\\conda\\core\\__pycache__\\index.cpython-39.pyc', reloading
[ 2023-03-25 17:42:37,940 ] 113 werkzeug - INFO -  * Detected change in 'F:\\New folder\\anaconda\\Lib\\site-packages\\conda\\core\\__pycache__\\package_cache_data.cpython-39.pyc', reloading
[ 2023-03-25 17:42:37,941 ] 113 werkzeug - INFO -  * Detected change in 'F:\\New folder\\anaconda\\Lib\\__pycache__\\tarfile.cpython-39.pyc', reloading
[ 2023-03-25 17:42:37,946 ] 113 werkzeug - INFO -  * Detected change in 'F:\\New folder\\anaconda\\Lib\\site-packages\\conda\\core\\__pycache__\\path_actions.cpython-39.pyc', reloading
[ 2023-03-25 17:42:37,951 ] 113 werkzeug - INFO -  * Detected change in 'F:\\New folder\\anaconda\\Lib\\site-packages\\conda\\core\\__pycache__\\envs_manager.cpython-39.pyc', reloading
[ 2023-03-25 17:42:37,952 ] 113 werkzeug - INFO -  * Detected change in 'F:\\New folder\\anaconda\\Lib\\site-packages\\conda\\core\\__pycache__\\prefix_data.cpython-39.pyc', reloading
