[ 2023-03-24 10:53:10,070 ] 113 werkzeug - WARNING -  * Debugger is active!
[ 2023-03-24 10:53:10,089 ] 113 werkzeug - INFO -  * Debugger PIN: 137-623-873
[ 2023-03-24 10:53:10,147 ] 113 werkzeug - INFO -  * Running on http://127.0.0.1:5001/ (Press CTRL+C to quit)
[ 2023-03-24 10:53:31,834 ] 113 werkzeug - INFO -  * Detected change in 'F:\\New folder\\anaconda\\Lib\\encodings\\__pycache__\\__init__.cpython-39.pyc', reloading
[ 2023-03-24 10:53:31,836 ] 113 werkzeug - INFO -  * Detected change in 'F:\\New folder\\anaconda\\Lib\\__pycache__\\codecs.cpython-39.pyc', reloading
[ 2023-03-24 10:53:31,838 ] 113 werkzeug - INFO -  * Detected change in 'F:\\New folder\\anaconda\\Lib\\encodings\\__pycache__\\aliases.cpython-39.pyc', reloading
[ 2023-03-24 10:53:31,839 ] 113 werkzeug - INFO -  * Detected change in 'F:\\New folder\\anaconda\\Lib\\encodings\\__pycache__\\utf_8.cpython-39.pyc', reloading
[ 2023-03-24 10:53:31,841 ] 113 werkzeug - INFO -  * Detected change in 'F:\\New folder\\anaconda\\Lib\\encodings\\__pycache__\\cp1252.cpython-39.pyc', reloading
[ 2023-03-24 10:53:31,844 ] 113 werkzeug - INFO -  * Detected change in 'F:\\New folder\\anaconda\\Lib\\encodings\\__pycache__\\latin_1.cpython-39.pyc', reloading
[ 2023-03-24 10:53:31,846 ] 113 werkzeug - INFO -  * Detected change in 'F:\\New folder\\anaconda\\Lib\\__pycache__\\io.cpython-39.pyc', reloading
[ 2023-03-24 10:53:31,847 ] 113 werkzeug - INFO -  * Detected change in 'F:\\New folder\\anaconda\\Lib\\__pycache__\\abc.cpython-39.pyc', reloading
[ 2023-03-24 10:53:31,849 ] 113 werkzeug - INFO -  * Detected change in 'F:\\New folder\\anaconda\\Lib\\__pycache__\\site.cpython-39.pyc', reloading
[ 2023-03-24 10:53:31,850 ] 113 werkzeug - INFO -  * Detected change in 'F:\\New folder\\anaconda\\Lib\\__pycache__\\os.cpython-39.pyc', reloading
[ 2023-03-24 10:53:31,851 ] 113 werkzeug - INFO -  * Detected change in 'F:\\New folder\\anaconda\\Lib\\__pycache__\\stat.cpython-39.pyc', reloading
[ 2023-03-24 10:53:31,853 ] 113 werkzeug - INFO -  * Detected change in 'F:\\New folder\\anaconda\\Lib\\__pycache__\\_collections_abc.cpython-39.pyc', reloading
[ 2023-03-24 10:53:31,855 ] 113 werkzeug - INFO -  * Detected change in 'F:\\New folder\\anaconda\\Lib\\__pycache__\\ntpath.cpython-39.pyc', reloading
[ 2023-03-24 10:53:31,857 ] 113 werkzeug - INFO -  * Detected change in 'F:\\New folder\\anaconda\\Lib\\__pycache__\\genericpath.cpython-39.pyc', reloading
[ 2023-03-24 10:53:31,859 ] 113 werkzeug - INFO -  * Detected change in 'F:\\New folder\\anaconda\\Lib\\__pycache__\\_sitebuiltins.cpython-39.pyc', reloading
[ 2023-03-24 10:53:31,864 ] 113 werkzeug - INFO -  * Detected change in 'F:\\New folder\\anaconda\\Lib\\__pycache__\\_bootlocale.cpython-39.pyc', reloading
[ 2023-03-24 10:53:31,870 ] 113 werkzeug - INFO -  * Detected change in 'F:\\New folder\\anaconda\\Lib\\__pycache__\\types.cpython-39.pyc', reloading
[ 2023-03-24 10:53:31,872 ] 113 werkzeug - INFO -  * Detected change in 'F:\\New folder\\anaconda\\Lib\\importlib\\__pycache__\\__init__.cpython-39.pyc', reloading
[ 2023-03-24 10:53:31,873 ] 113 werkzeug - INFO -  * Detected change in 'F:\\New folder\\anaconda\\Lib\\__pycache__\\warnings.cpython-39.pyc', reloading
[ 2023-03-24 10:53:31,875 ] 113 werkzeug - INFO -  * Detected change in 'F:\\New folder\\anaconda\\Lib\\importlib\\__pycache__\\util.cpython-39.pyc', reloading
[ 2023-03-24 10:53:31,876 ] 113 werkzeug - INFO -  * Detected change in 'F:\\New folder\\anaconda\\Lib\\importlib\\__pycache__\\abc.cpython-39.pyc', reloading
[ 2023-03-24 10:53:31,877 ] 113 werkzeug - INFO -  * Detected change in 'F:\\New folder\\anaconda\\Lib\\importlib\\__pycache__\\machinery.cpython-39.pyc', reloading
[ 2023-03-24 10:53:31,878 ] 113 werkzeug - INFO -  * Detected change in 'F:\\New folder\\anaconda\\Lib\\__pycache__\\typing.cpython-39.pyc', reloading
[ 2023-03-24 10:53:31,880 ] 113 werkzeug - INFO -  * Detected change in 'F:\\New folder\\anaconda\\Lib\\collections\\__pycache__\\__init__.cpython-39.pyc', reloading
[ 2023-03-24 10:53:31,881 ] 113 werkzeug - INFO -  * Detected change in 'F:\\New folder\\anaconda\\Lib\\__pycache__\\heapq.cpython-39.pyc', reloading
[ 2023-03-24 10:53:31,884 ] 113 werkzeug - INFO -  * Detected change in 'F:\\New folder\\anaconda\\Lib\\__pycache__\\keyword.cpython-39.pyc', reloading
[ 2023-03-24 10:53:31,885 ] 113 werkzeug - INFO -  * Detected change in 'F:\\New folder\\anaconda\\Lib\\__pycache__\\operator.cpython-39.pyc', reloading
[ 2023-03-24 10:53:31,886 ] 113 werkzeug - INFO -  * Detected change in 'F:\\New folder\\anaconda\\Lib\\__pycache__\\reprlib.cpython-39.pyc', reloading
[ 2023-03-24 10:53:31,889 ] 113 werkzeug - INFO -  * Detected change in 'F:\\New folder\\anaconda\\Lib\\collections\\__pycache__\\abc.cpython-39.pyc', reloading
[ 2023-03-24 10:53:31,890 ] 113 werkzeug - INFO -  * Detected change in 'F:\\New folder\\anaconda\\Lib\\__pycache__\\contextlib.cpython-39.pyc', reloading
[ 2023-03-24 10:53:31,891 ] 113 werkzeug - INFO -  * Detected change in 'F:\\New folder\\anaconda\\Lib\\__pycache__\\functools.cpython-39.pyc', reloading
[ 2023-03-24 10:53:31,896 ] 113 werkzeug - INFO -  * Detected change in 'F:\\New folder\\anaconda\\Lib\\__pycache__\\re.cpython-39.pyc', reloading
[ 2023-03-24 10:53:31,897 ] 113 werkzeug - INFO -  * Detected change in 'F:\\New folder\\anaconda\\Lib\\__pycache__\\enum.cpython-39.pyc', reloading
[ 2023-03-24 10:53:31,900 ] 113 werkzeug - INFO -  * Detected change in 'F:\\New folder\\anaconda\\Lib\\__pycache__\\sre_compile.cpython-39.pyc', reloading
[ 2023-03-24 10:53:31,901 ] 113 werkzeug - INFO -  * Detected change in 'F:\\New folder\\anaconda\\Lib\\__pycache__\\sre_parse.cpython-39.pyc', reloading
[ 2023-03-24 10:53:31,902 ] 113 werkzeug - INFO -  * Detected change in 'F:\\New folder\\anaconda\\Lib\\__pycache__\\sre_constants.cpython-39.pyc', reloading
[ 2023-03-24 10:53:31,905 ] 113 werkzeug - INFO -  * Detected change in 'F:\\New folder\\anaconda\\Lib\\__pycache__\\copyreg.cpython-39.pyc', reloading
[ 2023-03-24 10:53:31,941 ] 113 werkzeug - INFO -  * Detected change in 'F:\\New folder\\anaconda\\Lib\\__pycache__\\__future__.cpython-39.pyc', reloading
[ 2023-03-24 10:53:31,945 ] 113 werkzeug - INFO -  * Detected change in 'F:\\New folder\\anaconda\\Lib\\json\\__pycache__\\__init__.cpython-39.pyc', reloading
[ 2023-03-24 10:53:31,946 ] 113 werkzeug - INFO -  * Detected change in 'F:\\New folder\\anaconda\\Lib\\json\\__pycache__\\decoder.cpython-39.pyc', reloading
[ 2023-03-24 10:53:31,947 ] 113 werkzeug - INFO -  * Detected change in 'F:\\New folder\\anaconda\\Lib\\json\\__pycache__\\scanner.cpython-39.pyc', reloading
[ 2023-03-24 10:53:31,949 ] 113 werkzeug - INFO -  * Detected change in 'F:\\New folder\\anaconda\\Lib\\json\\__pycache__\\encoder.cpython-39.pyc', reloading
[ 2023-03-24 10:53:31,964 ] 113 werkzeug - INFO -  * Detected change in 'F:\\New folder\\anaconda\\Lib\\__pycache__\\threading.cpython-39.pyc', reloading
[ 2023-03-24 10:53:31,966 ] 113 werkzeug - INFO -  * Detected change in 'F:\\New folder\\anaconda\\Lib\\__pycache__\\_weakrefset.cpython-39.pyc', reloading
[ 2023-03-24 10:53:31,982 ] 113 werkzeug - INFO -  * Detected change in 'F:\\New folder\\anaconda\\Lib\\__pycache__\\weakref.cpython-39.pyc', reloading
[ 2023-03-24 10:53:31,989 ] 113 werkzeug - INFO -  * Detected change in 'F:\\New folder\\anaconda\\Lib\\logging\\__pycache__\\__init__.cpython-39.pyc', reloading
[ 2023-03-24 10:53:31,993 ] 113 werkzeug - INFO -  * Detected change in 'F:\\New folder\\anaconda\\Lib\\__pycache__\\traceback.cpython-39.pyc', reloading
[ 2023-03-24 10:53:31,995 ] 113 werkzeug - INFO -  * Detected change in 'F:\\New folder\\anaconda\\Lib\\__pycache__\\linecache.cpython-39.pyc', reloading
[ 2023-03-24 10:53:31,997 ] 113 werkzeug - INFO -  * Detected change in 'F:\\New folder\\anaconda\\Lib\\__pycache__\\tokenize.cpython-39.pyc', reloading
[ 2023-03-24 10:53:31,999 ] 113 werkzeug - INFO -  * Detected change in 'F:\\New folder\\anaconda\\Lib\\__pycache__\\token.cpython-39.pyc', reloading
[ 2023-03-24 10:53:32,004 ] 113 werkzeug - INFO -  * Detected change in 'F:\\New folder\\anaconda\\Lib\\__pycache__\\string.cpython-39.pyc', reloading
[ 2023-03-24 10:53:32,186 ] 113 werkzeug - INFO -  * Detected change in 'F:\\New folder\\anaconda\\Lib\\__pycache__\\struct.cpython-39.pyc', reloading
[ 2023-03-24 10:53:32,191 ] 113 werkzeug - INFO -  * Detected change in 'F:\\New folder\\anaconda\\Lib\\__pycache__\\subprocess.cpython-39.pyc', reloading
[ 2023-03-24 10:53:32,193 ] 113 werkzeug - INFO -  * Detected change in 'F:\\New folder\\anaconda\\Lib\\__pycache__\\signal.cpython-39.pyc', reloading
