[ 2023-03-24 12:55:20,295 ] 113 werkzeug - WARNING -  * Debugger is active!
[ 2023-03-24 12:55:20,398 ] 113 werkzeug - INFO -  * Debugger PIN: 137-623-873
[ 2023-03-24 12:55:20,657 ] 113 werkzeug - INFO -  * Running on http://127.0.0.1:5001/ (Press CTRL+C to quit)
[ 2023-03-24 12:55:27,712 ] 113 werkzeug - INFO -  * Detected change in 'F:\\New folder\\anaconda\\Scripts\\conda-script.py', reloading
[ 2023-03-24 12:55:27,717 ] 113 werkzeug - INFO -  * Detected change in 'F:\\New folder\\anaconda\\Lib\\site-packages\\conda\\__pycache__\\__init__.cpython-39.pyc', reloading
[ 2023-03-24 12:55:27,737 ] 113 werkzeug - INFO -  * Detected change in 'F:\\New folder\\anaconda\\Lib\\site-packages\\conda\\cli\\__pycache__\\__init__.cpython-39.pyc', reloading
[ 2023-03-24 12:55:27,740 ] 113 werkzeug - INFO -  * Detected change in 'F:\\New folder\\anaconda\\Lib\\site-packages\\conda\\cli\\__pycache__\\main.cpython-39.pyc', reloading
[ 2023-03-24 12:55:27,744 ] 113 werkzeug - INFO -  * Detected change in 'F:\\New folder\\anaconda\\Lib\\site-packages\\conda\\common\\__pycache__\\__init__.cpython-39.pyc', reloading
[ 2023-03-24 12:55:27,746 ] 113 werkzeug - INFO -  * Detected change in 'F:\\New folder\\anaconda\\Lib\\site-packages\\conda\\common\\__pycache__\\compat.cpython-39.pyc', reloading
[ 2023-03-24 12:55:27,787 ] 113 werkzeug - INFO -  * Detected change in 'F:\\New folder\\anaconda\\Lib\\site-packages\\conda\\__pycache__\\exceptions.cpython-39.pyc', reloading
[ 2023-03-24 12:55:27,831 ] 113 werkzeug - INFO -  * Detected change in 'F:\\New folder\\anaconda\\Lib\\site-packages\\conda\\models\\__pycache__\\__init__.cpython-39.pyc', reloading
[ 2023-03-24 12:55:27,833 ] 113 werkzeug - INFO -  * Detected change in 'F:\\New folder\\anaconda\\Lib\\site-packages\\conda\\models\\__pycache__\\channel.cpython-39.pyc', reloading
[ 2023-03-24 12:55:27,838 ] 113 werkzeug - INFO -  * Detected change in 'F:\\New folder\\anaconda\\Lib\\site-packages\\conda\\_vendor\\__pycache__\\__init__.cpython-39.pyc', reloading
[ 2023-03-24 12:55:27,840 ] 113 werkzeug - INFO -  * Detected change in 'F:\\New folder\\anaconda\\Lib\\site-packages\\conda\\_vendor\\boltons\\__pycache__\\__init__.cpython-39.pyc', reloading
[ 2023-03-24 12:55:27,843 ] 113 werkzeug - INFO -  * Detected change in 'F:\\New folder\\anaconda\\Lib\\site-packages\\conda\\_vendor\\boltons\\__pycache__\\setutils.cpython-39.pyc', reloading
[ 2023-03-24 12:55:27,849 ] 113 werkzeug - INFO -  * Detected change in 'F:\\New folder\\anaconda\\Lib\\site-packages\\conda\\_vendor\\toolz\\__pycache__\\__init__.cpython-39.pyc', reloading
[ 2023-03-24 12:55:27,851 ] 113 werkzeug - INFO -  * Detected change in 'F:\\New folder\\anaconda\\Lib\\site-packages\\cytoolz\\__pycache__\\__init__.cpython-39.pyc', reloading
[ 2023-03-24 12:55:27,861 ] 113 werkzeug - INFO -  * Detected change in 'F:\\New folder\\anaconda\\Lib\\site-packages\\toolz\\__pycache__\\__init__.cpython-39.pyc', reloading
[ 2023-03-24 12:55:27,862 ] 113 werkzeug - INFO -  * Detected change in 'F:\\New folder\\anaconda\\Lib\\site-packages\\toolz\\__pycache__\\itertoolz.cpython-39.pyc', reloading
[ 2023-03-24 12:55:27,863 ] 113 werkzeug - INFO -  * Detected change in 'F:\\New folder\\anaconda\\Lib\\site-packages\\toolz\\__pycache__\\utils.cpython-39.pyc', reloading
[ 2023-03-24 12:55:27,864 ] 113 werkzeug - INFO -  * Detected change in 'F:\\New folder\\anaconda\\Lib\\site-packages\\toolz\\__pycache__\\functoolz.cpython-39.pyc', reloading
[ 2023-03-24 12:55:27,884 ] 113 werkzeug - INFO -  * Detected change in 'F:\\New folder\\anaconda\\Lib\\site-packages\\toolz\\__pycache__\\_signatures.cpython-39.pyc', reloading
[ 2023-03-24 12:55:27,887 ] 113 werkzeug - INFO -  * Detected change in 'F:\\New folder\\anaconda\\Lib\\site-packages\\toolz\\__pycache__\\dicttoolz.cpython-39.pyc', reloading
[ 2023-03-24 12:55:27,888 ] 113 werkzeug - INFO -  * Detected change in 'F:\\New folder\\anaconda\\Lib\\site-packages\\toolz\\__pycache__\\recipes.cpython-39.pyc', reloading
[ 2023-03-24 12:55:27,889 ] 113 werkzeug - INFO -  * Detected change in 'F:\\New folder\\anaconda\\Lib\\site-packages\\toolz\\curried\\__pycache__\\__init__.cpython-39.pyc', reloading
[ 2023-03-24 12:55:27,891 ] 113 werkzeug - INFO -  * Detected change in 'F:\\New folder\\anaconda\\Lib\\site-packages\\toolz\\curried\\__pycache__\\operator.cpython-39.pyc', reloading
[ 2023-03-24 12:55:27,978 ] 113 werkzeug - INFO -  * Detected change in 'F:\\New folder\\anaconda\\Lib\\site-packages\\toolz\\curried\\__pycache__\\exceptions.cpython-39.pyc', reloading
[ 2023-03-24 12:55:27,981 ] 113 werkzeug - INFO -  * Detected change in 'F:\\New folder\\anaconda\\Lib\\site-packages\\toolz\\sandbox\\__pycache__\\__init__.cpython-39.pyc', reloading
[ 2023-03-24 12:55:27,984 ] 113 werkzeug - INFO -  * Detected change in 'F:\\New folder\\anaconda\\Lib\\site-packages\\toolz\\sandbox\\__pycache__\\core.cpython-39.pyc', reloading
[ 2023-03-24 12:55:27,986 ] 113 werkzeug - INFO -  * Detected change in 'F:\\New folder\\anaconda\\Lib\\site-packages\\toolz\\sandbox\\__pycache__\\parallel.cpython-39.pyc', reloading
[ 2023-03-24 12:55:28,005 ] 113 werkzeug - INFO -  * Detected change in 'F:\\New folder\\anaconda\\Lib\\site-packages\\toolz\\__pycache__\\_version.cpython-39.pyc', reloading
[ 2023-03-24 12:55:28,018 ] 113 werkzeug - INFO -  * Detected change in 'F:\\New folder\\anaconda\\Lib\\site-packages\\cytoolz\\__pycache__\\_signatures.cpython-39.pyc', reloading
[ 2023-03-24 12:55:28,027 ] 113 werkzeug - INFO -  * Detected change in 'F:\\New folder\\anaconda\\Lib\\site-packages\\cytoolz\\curried\\__pycache__\\__init__.cpython-39.pyc', reloading
[ 2023-03-24 12:55:28,030 ] 113 werkzeug - INFO -  * Detected change in 'F:\\New folder\\anaconda\\Lib\\site-packages\\cytoolz\\curried\\__pycache__\\operator.cpython-39.pyc', reloading
[ 2023-03-24 12:55:28,094 ] 113 werkzeug - INFO -  * Detected change in 'F:\\New folder\\anaconda\\Lib\\site-packages\\cytoolz\\curried\\__pycache__\\exceptions.cpython-39.pyc', reloading
[ 2023-03-24 12:55:28,105 ] 113 werkzeug - INFO -  * Detected change in 'F:\\New folder\\anaconda\\Lib\\site-packages\\cytoolz\\__pycache__\\_version.cpython-39.pyc', reloading
[ 2023-03-24 12:55:28,106 ] 113 werkzeug - INFO -  * Detected change in 'F:\\New folder\\anaconda\\Lib\\site-packages\\conda\\base\\__pycache__\\__init__.cpython-39.pyc', reloading
[ 2023-03-24 12:55:28,108 ] 113 werkzeug - INFO -  * Detected change in 'F:\\New folder\\anaconda\\Lib\\site-packages\\conda\\base\\__pycache__\\constants.cpython-39.pyc', reloading
[ 2023-03-24 12:55:28,112 ] 113 werkzeug - INFO -  * Detected change in 'F:\\New folder\\anaconda\\Lib\\site-packages\\conda\\base\\__pycache__\\context.cpython-39.pyc', reloading
[ 2023-03-24 12:55:28,132 ] 113 werkzeug - INFO -  * Detected change in 'F:\\New folder\\anaconda\\Lib\\site-packages\\conda\\_vendor\\__pycache__\\appdirs.cpython-39.pyc', reloading
[ 2023-03-24 12:55:28,200 ] 113 werkzeug - INFO -  * Detected change in 'F:\\New folder\\anaconda\\Lib\\site-packages\\conda\\auxlib\\__pycache__\\__init__.cpython-39.pyc', reloading
[ 2023-03-24 12:55:28,203 ] 113 werkzeug - INFO -  * Detected change in 'F:\\New folder\\anaconda\\Lib\\site-packages\\conda\\auxlib\\__pycache__\\decorators.cpython-39.pyc', reloading
[ 2023-03-24 12:55:28,204 ] 113 werkzeug - INFO -  * Detected change in 'F:\\New folder\\anaconda\\Lib\\site-packages\\conda\\_vendor\\__pycache__\\six.cpython-39.pyc', reloading
[ 2023-03-24 12:55:28,209 ] 113 werkzeug - INFO -  * Detected change in 'F:\\New folder\\anaconda\\Lib\\site-packages\\conda\\auxlib\\__pycache__\\ish.cpython-39.pyc', reloading
[ 2023-03-24 12:55:28,212 ] 113 werkzeug - INFO -  * Detected change in 'F:\\New folder\\anaconda\\Lib\\site-packages\\conda\\_vendor\\frozendict\\__pycache__\\__init__.cpython-39.pyc', reloading
[ 2023-03-24 12:55:28,214 ] 113 werkzeug - INFO -  * Detected change in 'F:\\New folder\\anaconda\\Lib\\site-packages\\conda\\common\\__pycache__\\configuration.cpython-39.pyc', reloading
[ 2023-03-24 12:55:28,218 ] 113 werkzeug - INFO -  * Detected change in 'F:\\New folder\\anaconda\\Lib\\site-packages\\conda\\common\\__pycache__\\constants.cpython-39.pyc', reloading
[ 2023-03-24 12:55:28,221 ] 113 werkzeug - INFO -  * Detected change in 'F:\\New folder\\anaconda\\Lib\\site-packages\\conda\\common\\__pycache__\\path.cpython-39.pyc', reloading
