[ 2023-03-25 17:41:53,465 ] 113 werkzeug - WARNING -  * Debugger is active!
[ 2023-03-25 17:41:53,489 ] 113 werkzeug - INFO -  * Debugger PIN: 137-623-873
[ 2023-03-25 17:41:53,562 ] 113 werkzeug - INFO -  * Running on http://127.0.0.1:5001/ (Press CTRL+C to quit)
[ 2023-03-25 17:42:05,393 ] 113 werkzeug - INFO -  * Detected change in 'F:\\New folder\\anaconda\\Lib\\collections\\__pycache__\\abc.cpython-39.pyc', reloading
[ 2023-03-25 17:42:05,394 ] 113 werkzeug - INFO -  * Detected change in 'F:\\New folder\\anaconda\\Lib\\__pycache__\\contextlib.cpython-39.pyc', reloading
[ 2023-03-25 17:42:05,396 ] 113 werkzeug - INFO -  * Detected change in 'F:\\New folder\\anaconda\\Lib\\__pycache__\\functools.cpython-39.pyc', reloading
[ 2023-03-25 17:42:05,398 ] 113 werkzeug - INFO -  * Detected change in 'F:\\New folder\\anaconda\\Lib\\__pycache__\\re.cpython-39.pyc', reloading
[ 2023-03-25 17:42:05,400 ] 113 werkzeug - INFO -  * Detected change in 'F:\\New folder\\anaconda\\Lib\\__pycache__\\enum.cpython-39.pyc', reloading
[ 2023-03-25 17:42:05,402 ] 113 werkzeug - INFO -  * Detected change in 'F:\\New folder\\anaconda\\Lib\\__pycache__\\sre_compile.cpython-39.pyc', reloading
[ 2023-03-25 17:42:05,403 ] 113 werkzeug - INFO -  * Detected change in 'F:\\New folder\\anaconda\\Lib\\__pycache__\\sre_parse.cpython-39.pyc', reloading
[ 2023-03-25 17:42:05,405 ] 113 werkzeug - INFO -  * Detected change in 'F:\\New folder\\anaconda\\Lib\\__pycache__\\sre_constants.cpython-39.pyc', reloading
[ 2023-03-25 17:42:05,407 ] 113 werkzeug - INFO -  * Detected change in 'F:\\New folder\\anaconda\\Lib\\__pycache__\\copyreg.cpython-39.pyc', reloading
[ 2023-03-25 17:42:05,444 ] 113 werkzeug - INFO -  * Detected change in 'F:\\New folder\\anaconda\\Lib\\__pycache__\\__future__.cpython-39.pyc', reloading
[ 2023-03-25 17:42:05,445 ] 113 werkzeug - INFO -  * Detected change in 'F:\\New folder\\anaconda\\Lib\\json\\__pycache__\\__init__.cpython-39.pyc', reloading
[ 2023-03-25 17:42:05,446 ] 113 werkzeug - INFO -  * Detected change in 'F:\\New folder\\anaconda\\Lib\\json\\__pycache__\\decoder.cpython-39.pyc', reloading
[ 2023-03-25 17:42:05,447 ] 113 werkzeug - INFO -  * Detected change in 'F:\\New folder\\anaconda\\Lib\\json\\__pycache__\\scanner.cpython-39.pyc', reloading
[ 2023-03-25 17:42:05,450 ] 113 werkzeug - INFO -  * Detected change in 'F:\\New folder\\anaconda\\Lib\\json\\__pycache__\\encoder.cpython-39.pyc', reloading
[ 2023-03-25 17:42:05,458 ] 113 werkzeug - INFO -  * Detected change in 'F:\\New folder\\anaconda\\Lib\\__pycache__\\shutil.cpython-39.pyc', reloading
[ 2023-03-25 17:42:05,460 ] 113 werkzeug - INFO -  * Detected change in 'F:\\New folder\\anaconda\\Lib\\__pycache__\\fnmatch.cpython-39.pyc', reloading
[ 2023-03-25 17:42:05,462 ] 113 werkzeug - INFO -  * Detected change in 'F:\\New folder\\anaconda\\Lib\\__pycache__\\posixpath.cpython-39.pyc', reloading
[ 2023-03-25 17:42:05,464 ] 113 werkzeug - INFO -  * Detected change in 'F:\\New folder\\anaconda\\Lib\\__pycache__\\bz2.cpython-39.pyc', reloading
[ 2023-03-25 17:42:05,466 ] 113 werkzeug - INFO -  * Detected change in 'F:\\New folder\\anaconda\\Lib\\__pycache__\\_compression.cpython-39.pyc', reloading
[ 2023-03-25 17:42:05,468 ] 113 werkzeug - INFO -  * Detected change in 'F:\\New folder\\anaconda\\Lib\\__pycache__\\threading.cpython-39.pyc', reloading
[ 2023-03-25 17:42:05,469 ] 113 werkzeug - INFO -  * Detected change in 'F:\\New folder\\anaconda\\Lib\\__pycache__\\_weakrefset.cpython-39.pyc', reloading
[ 2023-03-25 17:42:05,474 ] 113 werkzeug - INFO -  * Detected change in 'F:\\New folder\\anaconda\\Lib\\__pycache__\\lzma.cpython-39.pyc', reloading
[ 2023-03-25 17:42:05,483 ] 113 werkzeug - INFO -  * Detected change in 'F:\\New folder\\anaconda\\Lib\\__pycache__\\weakref.cpython-39.pyc', reloading
[ 2023-03-25 17:42:05,488 ] 113 werkzeug - INFO -  * Detected change in 'F:\\New folder\\anaconda\\Lib\\__pycache__\\datetime.cpython-39.pyc', reloading
[ 2023-03-25 17:42:05,493 ] 113 werkzeug - INFO -  * Detected change in 'F:\\New folder\\anaconda\\Lib\\logging\\__pycache__\\__init__.cpython-39.pyc', reloading
[ 2023-03-25 17:42:05,496 ] 113 werkzeug - INFO -  * Detected change in 'F:\\New folder\\anaconda\\Lib\\__pycache__\\traceback.cpython-39.pyc', reloading
[ 2023-03-25 17:42:05,497 ] 113 werkzeug - INFO -  * Detected change in 'F:\\New folder\\anaconda\\Lib\\__pycache__\\linecache.cpython-39.pyc', reloading
[ 2023-03-25 17:42:05,498 ] 113 werkzeug - INFO -  * Detected change in 'F:\\New folder\\anaconda\\Lib\\__pycache__\\tokenize.cpython-39.pyc', reloading
[ 2023-03-25 17:42:05,500 ] 113 werkzeug - INFO -  * Detected change in 'F:\\New folder\\anaconda\\Lib\\__pycache__\\token.cpython-39.pyc', reloading
[ 2023-03-25 17:42:05,503 ] 113 werkzeug - INFO -  * Detected change in 'F:\\New folder\\anaconda\\Lib\\__pycache__\\string.cpython-39.pyc', reloading
[ 2023-03-25 17:42:05,520 ] 113 werkzeug - INFO -  * Detected change in 'F:\\New folder\\anaconda\\Lib\\__pycache__\\copy.cpython-39.pyc', reloading
[ 2023-03-25 17:42:05,547 ] 113 werkzeug - INFO -  * Detected change in 'F:\\New folder\\anaconda\\Lib\\__pycache__\\ast.cpython-39.pyc', reloading
[ 2023-03-25 17:42:05,691 ] 113 werkzeug - INFO -  * Detected change in 'F:\\New folder\\anaconda\\Lib\\__pycache__\\struct.cpython-39.pyc', reloading
[ 2023-03-25 17:42:05,695 ] 113 werkzeug - INFO -  * Detected change in 'F:\\New folder\\anaconda\\Lib\\__pycache__\\platform.cpython-39.pyc', reloading
[ 2023-03-25 17:42:05,696 ] 113 werkzeug - INFO -  * Detected change in 'F:\\New folder\\anaconda\\Lib\\__pycache__\\subprocess.cpython-39.pyc', reloading
[ 2023-03-25 17:42:05,698 ] 113 werkzeug - INFO -  * Detected change in 'F:\\New folder\\anaconda\\Lib\\__pycache__\\signal.cpython-39.pyc', reloading
[ 2023-03-25 17:42:05,728 ] 113 werkzeug - INFO -  * Detected change in 'F:\\New folder\\anaconda\\Lib\\site-packages\\win32\\lib\\__pycache__\\pywintypes.cpython-39.pyc', reloading
[ 2023-03-25 17:42:05,729 ] 113 werkzeug - INFO -  * Detected change in 'F:\\New folder\\anaconda\\Lib\\__pycache__\\imp.cpython-39.pyc', reloading
[ 2023-03-25 17:42:05,758 ] 113 werkzeug - INFO -  * Detected change in 'F:\\New folder\\anaconda\\Lib\\urllib\\__pycache__\\__init__.cpython-39.pyc', reloading
[ 2023-03-25 17:42:05,760 ] 113 werkzeug - INFO -  * Detected change in 'F:\\New folder\\anaconda\\Lib\\urllib\\__pycache__\\parse.cpython-39.pyc', reloading
[ 2023-03-25 17:42:05,766 ] 113 werkzeug - INFO -  * Detected change in 'F:\\New folder\\anaconda\\Lib\\distutils\\__pycache__\\__init__.cpython-39.pyc', reloading
[ 2023-03-25 17:42:05,846 ] 113 werkzeug - INFO -  * Detected change in 'F:\\New folder\\anaconda\\Lib\\__pycache__\\glob.cpython-39.pyc', reloading
[ 2023-03-25 17:42:05,856 ] 113 werkzeug - INFO -  * Detected change in 'F:\\New folder\\anaconda\\Lib\\ctypes\\__pycache__\\__init__.cpython-39.pyc', reloading
[ 2023-03-25 17:42:05,863 ] 113 werkzeug - INFO -  * Detected change in 'F:\\New folder\\anaconda\\Lib\\ctypes\\__pycache__\\_endian.cpython-39.pyc', reloading
[ 2023-03-25 17:42:05,865 ] 113 werkzeug - INFO -  * Detected change in 'F:\\New folder\\anaconda\\Lib\\ctypes\\__pycache__\\wintypes.cpython-39.pyc', reloading
[ 2023-03-25 17:42:05,870 ] 113 werkzeug - INFO -  * Detected change in 'F:\\New folder\\anaconda\\Lib\\__pycache__\\socket.cpython-39.pyc', reloading
[ 2023-03-25 17:42:05,878 ] 113 werkzeug - INFO -  * Detected change in 'F:\\New folder\\anaconda\\Lib\\__pycache__\\selectors.cpython-39.pyc', reloading
[ 2023-03-25 17:42:05,896 ] 113 werkzeug - INFO -  * Detected change in 'F:\\New folder\\anaconda\\Lib\\__pycache__\\queue.cpython-39.pyc', reloading
[ 2023-03-25 17:42:05,904 ] 113 werkzeug - INFO -  * Detected change in 'F:\\New folder\\anaconda\\Lib\\__pycache__\\pickle.cpython-39.pyc', reloading
[ 2023-03-25 17:42:05,906 ] 113 werkzeug - INFO -  * Detected change in 'F:\\New folder\\anaconda\\Lib\\__pycache__\\_compat_pickle.cpython-39.pyc', reloading
[ 2023-03-25 17:42:05,926 ] 113 werkzeug - INFO -  * Detected change in 'F:\\New folder\\anaconda\\Lib\\__pycache__\\numbers.cpython-39.pyc', reloading
[ 2023-03-25 17:42:05,947 ] 113 werkzeug - INFO -  * Detected change in 'F:\\New folder\\anaconda\\Lib\\__pycache__\\argparse.cpython-39.pyc', reloading
[ 2023-03-25 17:42:05,949 ] 113 werkzeug - INFO -  * Detected change in 'F:\\New folder\\anaconda\\Lib\\__pycache__\\gettext.cpython-39.pyc', reloading
[ 2023-03-25 17:42:05,954 ] 113 werkzeug - INFO -  * Detected change in 'F:\\New folder\\anaconda\\Lib\\__pycache__\\locale.cpython-39.pyc', reloading
[ 2023-03-25 17:42:06,014 ] 113 werkzeug - INFO -  * Detected change in 'F:\\New folder\\anaconda\\Lib\\__pycache__\\uuid.cpython-39.pyc', reloading
[ 2023-03-25 17:42:06,024 ] 113 werkzeug - INFO -  * Detected change in 'F:\\New folder\\anaconda\\Lib\\__pycache__\\configparser.cpython-39.pyc', reloading
