[ 2023-03-24 10:54:59,413 ] 113 werkzeug - WARNING -  * Debugger is active!
[ 2023-03-24 10:54:59,438 ] 113 werkzeug - INFO -  * Debugger PIN: 137-623-873
[ 2023-03-24 10:54:59,541 ] 113 werkzeug - INFO -  * Running on http://127.0.0.1:5001/ (Press CTRL+C to quit)
[ 2023-03-24 10:55:07,929 ] 113 werkzeug - INFO -  * Detected change in 'F:\\New folder\\anaconda\\Scripts\\conda-script.py', reloading
[ 2023-03-24 10:55:07,933 ] 113 werkzeug - INFO -  * Detected change in 'F:\\New folder\\anaconda\\Lib\\site-packages\\conda\\__pycache__\\__init__.cpython-39.pyc', reloading
[ 2023-03-24 10:55:07,943 ] 113 werkzeug - INFO -  * Detected change in 'F:\\New folder\\anaconda\\Lib\\site-packages\\conda\\cli\\__pycache__\\__init__.cpython-39.pyc', reloading
[ 2023-03-24 10:55:07,966 ] 113 werkzeug - INFO -  * Detected change in 'F:\\New folder\\anaconda\\Lib\\site-packages\\conda\\cli\\__pycache__\\main.cpython-39.pyc', reloading
[ 2023-03-24 10:55:07,966 ] 113 werkzeug - INFO -  * Detected change in 'F:\\New folder\\anaconda\\Lib\\site-packages\\conda\\common\\__pycache__\\__init__.cpython-39.pyc', reloading
[ 2023-03-24 10:55:07,966 ] 113 werkzeug - INFO -  * Detected change in 'F:\\New folder\\anaconda\\Lib\\site-packages\\conda\\common\\__pycache__\\compat.cpython-39.pyc', reloading
[ 2023-03-24 10:55:07,973 ] 113 werkzeug - INFO -  * Detected change in 'F:\\New folder\\anaconda\\Lib\\site-packages\\conda\\__pycache__\\exceptions.cpython-39.pyc', reloading
[ 2023-03-24 10:55:07,997 ] 113 werkzeug - INFO -  * Detected change in 'F:\\New folder\\anaconda\\Lib\\__pycache__\\getpass.cpython-39.pyc', reloading
[ 2023-03-24 10:55:07,999 ] 113 werkzeug - INFO -  * Detected change in 'F:\\New folder\\anaconda\\Lib\\site-packages\\conda\\models\\__pycache__\\__init__.cpython-39.pyc', reloading
[ 2023-03-24 10:55:08,001 ] 113 werkzeug - INFO -  * Detected change in 'F:\\New folder\\anaconda\\Lib\\site-packages\\conda\\models\\__pycache__\\channel.cpython-39.pyc', reloading
[ 2023-03-24 10:55:08,005 ] 113 werkzeug - INFO -  * Detected change in 'F:\\New folder\\anaconda\\Lib\\site-packages\\conda\\_vendor\\__pycache__\\__init__.cpython-39.pyc', reloading
[ 2023-03-24 10:55:08,006 ] 113 werkzeug - INFO -  * Detected change in 'F:\\New folder\\anaconda\\Lib\\site-packages\\conda\\_vendor\\boltons\\__pycache__\\__init__.cpython-39.pyc', reloading
[ 2023-03-24 10:55:08,008 ] 113 werkzeug - INFO -  * Detected change in 'F:\\New folder\\anaconda\\Lib\\site-packages\\conda\\_vendor\\boltons\\__pycache__\\setutils.cpython-39.pyc', reloading
[ 2023-03-24 10:55:08,011 ] 113 werkzeug - INFO -  * Detected change in 'F:\\New folder\\anaconda\\Lib\\site-packages\\conda\\_vendor\\toolz\\__pycache__\\__init__.cpython-39.pyc', reloading
[ 2023-03-24 10:55:08,013 ] 113 werkzeug - INFO -  * Detected change in 'F:\\New folder\\anaconda\\Lib\\site-packages\\cytoolz\\__pycache__\\__init__.cpython-39.pyc', reloading
[ 2023-03-24 10:55:08,021 ] 113 werkzeug - INFO -  * Detected change in 'F:\\New folder\\anaconda\\Lib\\site-packages\\toolz\\__pycache__\\__init__.cpython-39.pyc', reloading
[ 2023-03-24 10:55:08,022 ] 113 werkzeug - INFO -  * Detected change in 'F:\\New folder\\anaconda\\Lib\\site-packages\\toolz\\__pycache__\\itertoolz.cpython-39.pyc', reloading
[ 2023-03-24 10:55:08,023 ] 113 werkzeug - INFO -  * Detected change in 'F:\\New folder\\anaconda\\Lib\\site-packages\\toolz\\__pycache__\\utils.cpython-39.pyc', reloading
[ 2023-03-24 10:55:08,024 ] 113 werkzeug - INFO -  * Detected change in 'F:\\New folder\\anaconda\\Lib\\site-packages\\toolz\\__pycache__\\functoolz.cpython-39.pyc', reloading
[ 2023-03-24 10:55:08,037 ] 113 werkzeug - INFO -  * Detected change in 'F:\\New folder\\anaconda\\Lib\\site-packages\\toolz\\__pycache__\\_signatures.cpython-39.pyc', reloading
[ 2023-03-24 10:55:08,038 ] 113 werkzeug - INFO -  * Detected change in 'F:\\New folder\\anaconda\\Lib\\site-packages\\toolz\\__pycache__\\dicttoolz.cpython-39.pyc', reloading
[ 2023-03-24 10:55:08,039 ] 113 werkzeug - INFO -  * Detected change in 'F:\\New folder\\anaconda\\Lib\\site-packages\\toolz\\__pycache__\\recipes.cpython-39.pyc', reloading
[ 2023-03-24 10:55:08,041 ] 113 werkzeug - INFO -  * Detected change in 'F:\\New folder\\anaconda\\Lib\\site-packages\\toolz\\curried\\__pycache__\\__init__.cpython-39.pyc', reloading
[ 2023-03-24 10:55:08,042 ] 113 werkzeug - INFO -  * Detected change in 'F:\\New folder\\anaconda\\Lib\\site-packages\\toolz\\curried\\__pycache__\\operator.cpython-39.pyc', reloading
[ 2023-03-24 10:55:08,086 ] 113 werkzeug - INFO -  * Detected change in 'F:\\New folder\\anaconda\\Lib\\site-packages\\toolz\\curried\\__pycache__\\exceptions.cpython-39.pyc', reloading
[ 2023-03-24 10:55:08,088 ] 113 werkzeug - INFO -  * Detected change in 'F:\\New folder\\anaconda\\Lib\\site-packages\\toolz\\sandbox\\__pycache__\\__init__.cpython-39.pyc', reloading
[ 2023-03-24 10:55:08,089 ] 113 werkzeug - INFO -  * Detected change in 'F:\\New folder\\anaconda\\Lib\\site-packages\\toolz\\sandbox\\__pycache__\\core.cpython-39.pyc', reloading
[ 2023-03-24 10:55:08,090 ] 113 werkzeug - INFO -  * Detected change in 'F:\\New folder\\anaconda\\Lib\\site-packages\\toolz\\sandbox\\__pycache__\\parallel.cpython-39.pyc', reloading
[ 2023-03-24 10:55:08,100 ] 113 werkzeug - INFO -  * Detected change in 'F:\\New folder\\anaconda\\Lib\\site-packages\\toolz\\__pycache__\\_version.cpython-39.pyc', reloading
[ 2023-03-24 10:55:08,108 ] 113 werkzeug - INFO -  * Detected change in 'F:\\New folder\\anaconda\\Lib\\site-packages\\cytoolz\\__pycache__\\_signatures.cpython-39.pyc', reloading
[ 2023-03-24 10:55:08,113 ] 113 werkzeug - INFO -  * Detected change in 'F:\\New folder\\anaconda\\Lib\\site-packages\\cytoolz\\curried\\__pycache__\\__init__.cpython-39.pyc', reloading
[ 2023-03-24 10:55:08,115 ] 113 werkzeug - INFO -  * Detected change in 'F:\\New folder\\anaconda\\Lib\\site-packages\\cytoolz\\curried\\__pycache__\\operator.cpython-39.pyc', reloading
[ 2023-03-24 10:55:08,150 ] 113 werkzeug - INFO -  * Detected change in 'F:\\New folder\\anaconda\\Lib\\site-packages\\cytoolz\\curried\\__pycache__\\exceptions.cpython-39.pyc', reloading
