[ 2023-03-25 16:57:45,662 ] 113 werkzeug - WARNING -  * Debugger is active!
[ 2023-03-25 16:57:45,681 ] 113 werkzeug - INFO -  * Debugger PIN: 137-623-873
[ 2023-03-25 16:57:45,739 ] 113 werkzeug - INFO -  * Running on http://127.0.0.1:5001/ (Press CTRL+C to quit)
[ 2023-03-25 16:57:59,690 ] 113 werkzeug - INFO -  * Detected change in 'F:\\New folder\\anaconda\\Lib\\site-packages\\flask\\__pycache__\\debughelpers.cpython-39.pyc', reloading
[ 2023-03-25 16:57:59,711 ] 113 werkzeug - INFO -  * Detected change in 'F:\\New folder\\anaconda\\Lib\\site-packages\\pandas\\io\\formats\\__pycache__\\string.cpython-39.pyc', reloading
[ 2023-03-25 16:57:59,711 ] 15 root - INFO - loading model from model.pkl 
[ 2023-03-25 16:57:59,736 ] 113 werkzeug - INFO -  * Detected change in 'F:\\New folder\\anaconda\\Lib\\site-packages\\sklearn\\linear_model\\__pycache__\\__init__.cpython-39.pyc', reloading
[ 2023-03-25 16:57:59,751 ] 113 werkzeug - INFO -  * Detected change in 'F:\\New folder\\anaconda\\Lib\\site-packages\\sklearn\\linear_model\\__pycache__\\_base.cpython-39.pyc', reloading
[ 2023-03-25 16:57:59,859 ] 113 werkzeug - INFO -  * Detected change in 'F:\\New folder\\anaconda\\Lib\\site-packages\\sklearn\\linear_model\\__pycache__\\_bayes.cpython-39.pyc', reloading
[ 2023-03-25 16:57:59,882 ] 113 werkzeug - INFO -  * Detected change in 'F:\\New folder\\anaconda\\Lib\\site-packages\\sklearn\\linear_model\\__pycache__\\_least_angle.cpython-39.pyc', reloading
[ 2023-03-25 16:57:59,957 ] 113 werkzeug - INFO -  * Detected change in 'F:\\New folder\\anaconda\\Lib\\site-packages\\sklearn\\linear_model\\__pycache__\\_coordinate_descent.cpython-39.pyc', reloading
[ 2023-03-25 16:58:00,033 ] 113 werkzeug - INFO -  * Detected change in 'F:\\New folder\\anaconda\\Lib\\site-packages\\sklearn\\linear_model\\_glm\\__pycache__\\__init__.cpython-39.pyc', reloading
[ 2023-03-25 16:58:00,036 ] 113 werkzeug - INFO -  * Detected change in 'F:\\New folder\\anaconda\\Lib\\site-packages\\sklearn\\linear_model\\_glm\\__pycache__\\glm.cpython-39.pyc', reloading
[ 2023-03-25 16:58:00,048 ] 113 werkzeug - INFO -  * Detected change in 'F:\\New folder\\anaconda\\Lib\\site-packages\\sklearn\\_loss\\__pycache__\\__init__.cpython-39.pyc', reloading
[ 2023-03-25 16:58:00,064 ] 113 werkzeug - INFO -  * Detected change in 'F:\\New folder\\anaconda\\Lib\\site-packages\\sklearn\\_loss\\__pycache__\\loss.cpython-39.pyc', reloading
[ 2023-03-25 16:58:00,241 ] 113 werkzeug - INFO -  * Detected change in 'F:\\New folder\\anaconda\\Lib\\site-packages\\sklearn\\_loss\\__pycache__\\link.cpython-39.pyc', reloading
[ 2023-03-25 16:58:00,245 ] 113 werkzeug - INFO -  * Detected change in 'F:\\New folder\\anaconda\\Lib\\site-packages\\sklearn\\_loss\\__pycache__\\glm_distribution.cpython-39.pyc', reloading
[ 2023-03-25 16:58:00,247 ] 113 werkzeug - INFO -  * Detected change in 'F:\\New folder\\anaconda\\Lib\\site-packages\\sklearn\\utils\\__pycache__\\optimize.cpython-39.pyc', reloading
[ 2023-03-25 16:58:00,250 ] 113 werkzeug - INFO -  * Detected change in 'F:\\New folder\\anaconda\\Lib\\site-packages\\sklearn\\linear_model\\__pycache__\\_linear_loss.cpython-39.pyc', reloading
[ 2023-03-25 16:58:00,252 ] 113 werkzeug - INFO -  * Detected change in 'F:\\New folder\\anaconda\\Lib\\site-packages\\sklearn\\linear_model\\__pycache__\\_huber.cpython-39.pyc', reloading
[ 2023-03-25 16:58:00,399 ] 113 werkzeug - INFO -  * Detected change in 'F:\\New folder\\anaconda\\Lib\\site-packages\\sklearn\\linear_model\\__pycache__\\_stochastic_gradient.cpython-39.pyc', reloading
[ 2023-03-25 16:58:00,401 ] 113 werkzeug - INFO -  * Detected change in 'F:\\New folder\\anaconda\\Lib\\site-packages\\sklearn\\linear_model\\__pycache__\\_ridge.cpython-39.pyc', reloading
[ 2023-03-25 16:58:00,403 ] 113 werkzeug - INFO -  * Detected change in 'F:\\New folder\\anaconda\\Lib\\site-packages\\sklearn\\linear_model\\__pycache__\\_sag.cpython-39.pyc', reloading
[ 2023-03-25 16:58:00,823 ] 18 root - INFO -  loading preprocessor from preprocessor.pkl
[ 2023-03-25 16:58:01,396 ] 21 root - INFO - Fearure scaling is done
[ 2023-03-25 16:58:01,406 ] 24 root - INFO - Model is trying to predict for given input data
